Using pre-set license
Built from '2022.3/release' branch; Version is '2022.3.18f1 (d29bea25151d) revision 13802474'; Using compiler version '192829333'; Build Type 'Release'
OS: 'Windows 10  (10.0.19045) 64bit Professional' Language: 'en' Physical Memory: 15708 MB
BatchMode: 1, IsHumanControllingUs: 0, StartBugReporterOnCrash: 0, Is64bit: 1, IsPro: 1

COMMAND LINE ARGUMENTS:
C:\Program Files\Unity 2022.3.18f1\Editor\Unity.exe
-adb2
-batchMode
-noUpm
-name
AssetImportWorker9
-projectPath
C:/Users/petr/Unity_Test_Panskikh
-logFile
Logs/AssetImportWorker9.log
-srvPort
50644
Successfully changed project path to: C:/Users/petr/Unity_Test_Panskikh
C:/Users/petr/Unity_Test_Panskikh
[UnityMemory] Configuration Parameters - Can be set up in boot.config
    "memorysetup-bucket-allocator-granularity=16"
    "memorysetup-bucket-allocator-bucket-count=8"
    "memorysetup-bucket-allocator-block-size=33554432"
    "memorysetup-bucket-allocator-block-count=8"
    "memorysetup-main-allocator-block-size=16777216"
    "memorysetup-thread-allocator-block-size=16777216"
    "memorysetup-gfx-main-allocator-block-size=16777216"
    "memorysetup-gfx-thread-allocator-block-size=16777216"
    "memorysetup-cache-allocator-block-size=4194304"
    "memorysetup-typetree-allocator-block-size=2097152"
    "memorysetup-profiler-bucket-allocator-granularity=16"
    "memorysetup-profiler-bucket-allocator-bucket-count=8"
    "memorysetup-profiler-bucket-allocator-block-size=33554432"
    "memorysetup-profiler-bucket-allocator-block-count=8"
    "memorysetup-profiler-allocator-block-size=16777216"
    "memorysetup-profiler-editor-allocator-block-size=1048576"
    "memorysetup-temp-allocator-size-main=16777216"
    "memorysetup-job-temp-allocator-block-size=2097152"
    "memorysetup-job-temp-allocator-block-size-background=1048576"
    "memorysetup-job-temp-allocator-reduction-small-platforms=262144"
    "memorysetup-allocator-temp-initial-block-size-main=262144"
    "memorysetup-allocator-temp-initial-block-size-worker=262144"
    "memorysetup-temp-allocator-size-background-worker=32768"
    "memorysetup-temp-allocator-size-job-worker=262144"
    "memorysetup-temp-allocator-size-preload-manager=33554432"
    "memorysetup-temp-allocator-size-nav-mesh-worker=65536"
    "memorysetup-temp-allocator-size-audio-worker=65536"
    "memorysetup-temp-allocator-size-cloud-worker=32768"
    "memorysetup-temp-allocator-size-gi-baking-worker=262144"
    "memorysetup-temp-allocator-size-gfx=262144"
Player connection [16704] Host "[IP] 192.168.188.111 [Port] 0 [Flags] 2 [Guid] 1542267577 [EditorId] 1542267577 [Version] 1048832 [Id] WindowsEditor(7,RedmiG) [Debug] 1 [PackageName] WindowsEditor [ProjectName] Editor" joined multi-casting on [225.0.0.222:54997]...

Player connection [16704] Host "[IP] 192.168.188.111 [Port] 0 [Flags] 2 [Guid] 1542267577 [EditorId] 1542267577 [Version] 1048832 [Id] WindowsEditor(7,RedmiG) [Debug] 1 [PackageName] WindowsEditor [ProjectName] Editor" joined alternative multi-casting on [225.0.0.222:34997]...

[Physics::Module] Initialized MultithreadedJobDispatcher with 15 workers.
Refreshing native plugins compatible for Editor in 6.45 ms, found 3 plugins.
Preloading 0 native plugins for Editor in 0.00 ms.
Initialize engine version: 2022.3.18f1 (d29bea25151d)
[Subsystems] Discovering subsystems at path C:/Program Files/Unity 2022.3.18f1/Editor/Data/Resources/UnitySubsystems
[Subsystems] Discovering subsystems at path C:/Users/petr/Unity_Test_Panskikh/Assets
GfxDevice: creating device client; threaded=0; jobified=0
Direct3D:
    Version:  Direct3D 11.0 [level 11.1]
    Renderer: NVIDIA GeForce RTX 3060 Laptop GPU (ID=0x2520)
    Vendor:   NVIDIA
    VRAM:     5996 MB
    Driver:   31.0.15.5186
Initialize mono
Mono path[0] = 'C:/Program Files/Unity 2022.3.18f1/Editor/Data/Managed'
Mono path[1] = 'C:/Program Files/Unity 2022.3.18f1/Editor/Data/MonoBleedingEdge/lib/mono/unityjit-win32'
Mono config path = 'C:/Program Files/Unity 2022.3.18f1/Editor/Data/MonoBleedingEdge/etc'
Using monoOptions --debugger-agent=transport=dt_socket,embedding=1,server=y,suspend=n,address=127.0.0.1:56280
Begin MonoManager ReloadAssembly
Registering precompiled unity dll's ...
Register platform support module: C:/Program Files/Unity 2022.3.18f1/Editor/Data/PlaybackEngines/WindowsStandaloneSupport/UnityEditor.WindowsStandalone.Extensions.dll
Registered in 0.004796 seconds.
- Loaded All Assemblies, in  0.260 seconds
Native extension for WindowsStandalone target not found
Mono: successfully reloaded assembly
- Finished resetting the current domain, in  0.217 seconds
Domain Reload Profiling: 476ms
	BeginReloadAssembly (82ms)
		ExecutionOrderSort (0ms)
		DisableScriptedObjects (0ms)
		BackupInstance (0ms)
		ReleaseScriptingObjects (0ms)
		CreateAndSetChildDomain (1ms)
	RebuildCommonClasses (25ms)
	RebuildNativeTypeToScriptingClass (8ms)
	initialDomainReloadingComplete (44ms)
	LoadAllAssembliesAndSetupDomain (99ms)
		LoadAssemblies (81ms)
		RebuildTransferFunctionScriptingTraits (0ms)
		AnalyzeDomain (98ms)
			TypeCache.Refresh (97ms)
				TypeCache.ScanAssembly (87ms)
			ScanForSourceGeneratedMonoScriptInfo (0ms)
			ResolveRequiredComponents (0ms)
	FinalizeReload (217ms)
		ReleaseScriptCaches (0ms)
		RebuildScriptCaches (0ms)
		SetupLoadedEditorAssemblies (170ms)
			LogAssemblyErrors (0ms)
			InitializePlatformSupportModulesInManaged (7ms)
			SetLoadedEditorAssemblies (6ms)
			RefreshPlugins (0ms)
			BeforeProcessingInitializeOnLoad (2ms)
			ProcessInitializeOnLoadAttributes (118ms)
			ProcessInitializeOnLoadMethodAttributes (38ms)
			AfterProcessingInitializeOnLoad (0ms)
			EditorAssembliesLoaded (0ms)
		ExecutionOrderSort2 (0ms)
		AwakeInstancesAfterBackupRestoration (0ms)
========================================================================
Worker process is ready to serve import requests
Begin MonoManager ReloadAssembly
- Loaded All Assemblies, in  0.475 seconds
Refreshing native plugins compatible for Editor in 2.51 ms, found 3 plugins.
Native extension for WindowsStandalone target not found
Package Manager log level set to [2]
[Package Manager] Server::EnsureServerProcessIsRunning -- launch failed, reason: Unity was launched with the -noUpm command-line argument
[Package Manager] UpmClient::Send -- Unable to send message (not connected to UPM process).
[Package Manager] Cannot connect to Unity Package Manager local server
Mono: successfully reloaded assembly
- Finished resetting the current domain, in  0.449 seconds
Domain Reload Profiling: 922ms
	BeginReloadAssembly (121ms)
		ExecutionOrderSort (0ms)
		DisableScriptedObjects (5ms)
		BackupInstance (0ms)
		ReleaseScriptingObjects (0ms)
		CreateAndSetChildDomain (19ms)
	RebuildCommonClasses (31ms)
	RebuildNativeTypeToScriptingClass (8ms)
	initialDomainReloadingComplete (33ms)
	LoadAllAssembliesAndSetupDomain (280ms)
		LoadAssemblies (222ms)
		RebuildTransferFunctionScriptingTraits (0ms)
		AnalyzeDomain (128ms)
			TypeCache.Refresh (112ms)
				TypeCache.ScanAssembly (101ms)
			ScanForSourceGeneratedMonoScriptInfo (11ms)
			ResolveRequiredComponents (4ms)
	FinalizeReload (449ms)
		ReleaseScriptCaches (0ms)
		RebuildScriptCaches (0ms)
		SetupLoadedEditorAssemblies (334ms)
			LogAssemblyErrors (0ms)
			InitializePlatformSupportModulesInManaged (5ms)
			SetLoadedEditorAssemblies (3ms)
			RefreshPlugins (0ms)
			BeforeProcessingInitializeOnLoad (51ms)
			ProcessInitializeOnLoadAttributes (253ms)
			ProcessInitializeOnLoadMethodAttributes (16ms)
			AfterProcessingInitializeOnLoad (5ms)
			EditorAssembliesLoaded (0ms)
		ExecutionOrderSort2 (0ms)
		AwakeInstancesAfterBackupRestoration (5ms)
Launched and connected shader compiler UnityShaderCompiler.exe after 0.04 seconds
Refreshing native plugins compatible for Editor in 3.44 ms, found 3 plugins.
Preloading 0 native plugins for Editor in 0.00 ms.
Unloading 3092 Unused Serialized files (Serialized files now loaded: 0)
Unloading 32 unused Assets / (57.4 KB). Loaded Objects now: 3554.
Memory consumption went from 123.1 MB to 123.1 MB.
Total: 2.401300 ms (FindLiveObjects: 0.186700 ms CreateObjectMapping: 0.070700 ms MarkObjects: 2.034200 ms  DeleteObjects: 0.108600 ms)

AssetImportParameters requested are different than current active one (requested -> active):
  custom:container-demuxer-ogg: 62fdf1f143b41e24485cea50d1cbac27 -> 
  custom:video-decoder-ogg-theora: a1e56fd34408186e4bbccfd4996cb3dc -> 
  custom:framework-win-MediaFoundation: 216162199b28c13a410421893ffa2e32 -> 
  custom:CustomObjectIndexerAttribute: 6d391050e5a25f67b0a2c618074f2cd9 -> 
  custom:container-demuxer-webm: 4f35f7cbe854078d1ac9338744f61a02 -> 
  custom:container-muxer-webm: aa71ff27fc2769a1b78a27578f13a17b -> 
  custom:video-decoder-webm-vp8: 9c59270c3fd7afecdb556c50c9e8de78 -> 
  custom:SearchIndexIgnoredProperties: e643bd26f0fe6173181afceb89e7c659 -> 
  custom:AudioImporter_EditorPlatform: d09bf68614088b80899f8185d706f6e7 -> 
  custom:video-encoder-webm-vp8: eb34c28f22e8b96e1ab97ce403110664 -> 
  custom:audio-decoder-ogg-vorbis: bf7c407c2cedff20999df2af8eb42d56 -> 
  custom:audio-encoder-webm-vorbis: bf7c407c2cedff20999df2af8eb42d56 -> 
========================================================================
Received Import Request.
  Time since last request: 32817.103489 seconds.
  path: Assets/SimpleNaturePack/Materials/SimpleNaturePack_Texture_01.mat
  artifactKey: Guid(93caadf4359ae8143aad35b3145d31af) Importer(815301076,1909f56bfc062723c751e8b465ee728b)
Start importing Assets/SimpleNaturePack/Materials/SimpleNaturePack_Texture_01.mat using Guid(93caadf4359ae8143aad35b3145d31af) Importer(815301076,1909f56bfc062723c751e8b465ee728b)  -> (artifact id: '6473407c1389b8a0b50882c66e7e12e5') in 0.095105 seconds
Number of updated asset objects reloaded before import = 0
Number of asset objects unloaded after import = 2
========================================================================
Received Import Request.
  Time since last request: 27.293027 seconds.
  path: Assets/Baker House/Models/Barrel.FBX
  artifactKey: Guid(1660c7ca8648e464a9b6f3b6db92f1ff) Importer(815301076,1909f56bfc062723c751e8b465ee728b)
Start importing Assets/Baker House/Models/Barrel.FBX using Guid(1660c7ca8648e464a9b6f3b6db92f1ff) Importer(815301076,1909f56bfc062723c751e8b465ee728b)  -> (artifact id: '684f28463d40bccddda8d4b80bc31a61') in 0.036068 seconds
Number of updated asset objects reloaded before import = 0
Number of asset objects unloaded after import = 11
========================================================================
Received Import Request.
  Time since last request: 0.000014 seconds.
  path: Assets/JC_StylizedNature_Lite/Models/SM_Branch_01.fbx
  artifactKey: Guid(e7da3464dab674343b4429363678ef3a) Importer(815301076,1909f56bfc062723c751e8b465ee728b)
Start importing Assets/JC_StylizedNature_Lite/Models/SM_Branch_01.fbx using Guid(e7da3464dab674343b4429363678ef3a) Importer(815301076,1909f56bfc062723c751e8b465ee728b)  -> (artifact id: '31bbbcbb9f2b0687641612fca72e9225') in 0.026020 seconds
Number of updated asset objects reloaded before import = 0
Number of asset objects unloaded after import = 15
========================================================================
Received Import Request.
  Time since last request: 0.000017 seconds.
  path: Assets/JC_StylizedRocks_Lite/Models/SM_Rocks_01.fbx
  artifactKey: Guid(b138cb6e6d9cbd345888c83d724eac17) Importer(815301076,1909f56bfc062723c751e8b465ee728b)
Start importing Assets/JC_StylizedRocks_Lite/Models/SM_Rocks_01.fbx using Guid(b138cb6e6d9cbd345888c83d724eac17) Importer(815301076,1909f56bfc062723c751e8b465ee728b)  -> (artifact id: 'f2c715492ede5c72a52f32cb64acf51a') in 0.012805 seconds
Number of updated asset objects reloaded before import = 0
Number of asset objects unloaded after import = 7
========================================================================
Received Import Request.
  Time since last request: 0.000019 seconds.
  path: Assets/JC_StylizedRocks_Lite/Models/SM_Rocks_04.fbx
  artifactKey: Guid(96185f8aa01e19d46922d59530259425) Importer(815301076,1909f56bfc062723c751e8b465ee728b)
Start importing Assets/JC_StylizedRocks_Lite/Models/SM_Rocks_04.fbx using Guid(96185f8aa01e19d46922d59530259425) Importer(815301076,1909f56bfc062723c751e8b465ee728b)  -> (artifact id: 'd3281152e429fdf1f13767cb890fba84') in 0.011987 seconds
Number of updated asset objects reloaded before import = 0
Number of asset objects unloaded after import = 7
========================================================================
Received Import Request.
  Time since last request: 0.000018 seconds.
  path: Assets/JC_StylizedNature_Lite/Models/SM_Rock_01.fbx
  artifactKey: Guid(cd4481062134e8644b2b10b4e3de6840) Importer(815301076,1909f56bfc062723c751e8b465ee728b)
Start importing Assets/JC_StylizedNature_Lite/Models/SM_Rock_01.fbx using Guid(cd4481062134e8644b2b10b4e3de6840) Importer(815301076,1909f56bfc062723c751e8b465ee728b)  -> (artifact id: 'd9e7d32d3849acfe3de0b1ef8db1cd80') in 0.020258 seconds
Number of updated asset objects reloaded before import = 0
Number of asset objects unloaded after import = 15
========================================================================
Received Import Request.
  Time since last request: 0.000017 seconds.
  path: Assets/JC_StylizedNature_Lite/Models/SM_Plant_02.fbx
  artifactKey: Guid(b6e1eef32d88b0548b55a1c4ae379bd9) Importer(815301076,1909f56bfc062723c751e8b465ee728b)
Start importing Assets/JC_StylizedNature_Lite/Models/SM_Plant_02.fbx using Guid(b6e1eef32d88b0548b55a1c4ae379bd9) Importer(815301076,1909f56bfc062723c751e8b465ee728b)  -> (artifact id: '8c0c886434e24d80eb627e81cb5d9d80') in 0.022283 seconds
Number of updated asset objects reloaded before import = 0
Number of asset objects unloaded after import = 15
========================================================================
Received Import Request.
  Time since last request: 0.000014 seconds.
  path: Assets/JC_StylizedRocks_Lite/Models/SM_Rocks_05.fbx
  artifactKey: Guid(feca77a69003e5e44b60b633092f9d00) Importer(815301076,1909f56bfc062723c751e8b465ee728b)
Start importing Assets/JC_StylizedRocks_Lite/Models/SM_Rocks_05.fbx using Guid(feca77a69003e5e44b60b633092f9d00) Importer(815301076,1909f56bfc062723c751e8b465ee728b)  -> (artifact id: '4774cf8c7bc7916eb32bf80ee0ae5d55') in 0.012640 seconds
Number of updated asset objects reloaded before import = 0
Number of asset objects unloaded after import = 7
========================================================================
Received Import Request.
  Time since last request: 4.273609 seconds.
  path: Assets/LowPolyFarmLite/Materials/LowPolyFarmLite_MAIN.mat
  artifactKey: Guid(382e2b1b7fbf94945963320a17603c7c) Importer(815301076,1909f56bfc062723c751e8b465ee728b)
Start importing Assets/LowPolyFarmLite/Materials/LowPolyFarmLite_MAIN.mat using Guid(382e2b1b7fbf94945963320a17603c7c) Importer(815301076,1909f56bfc062723c751e8b465ee728b)  -> (artifact id: '153f0ccb98b0b404ca0e0c8eb58bed25') in 0.011642 seconds
Number of updated asset objects reloaded before import = 0
Number of asset objects unloaded after import = 2
========================================================================
Received Import Request.
  Time since last request: 0.000014 seconds.
  path: Assets/JC_StylizedRocks_Lite/Materials/M_StylizedRocks_BG.mat
  artifactKey: Guid(d54fb96cb7d73e14294a400778057ff6) Importer(815301076,1909f56bfc062723c751e8b465ee728b)
Start importing Assets/JC_StylizedRocks_Lite/Materials/M_StylizedRocks_BG.mat using Guid(d54fb96cb7d73e14294a400778057ff6) Importer(815301076,1909f56bfc062723c751e8b465ee728b)  -> (artifact id: '1205d058aacf7674b6042e840a56c9ad') in 0.011601 seconds
Number of updated asset objects reloaded before import = 0
Number of asset objects unloaded after import = 1
========================================================================
Received Import Request.
  Time since last request: 0.000015 seconds.
  path: Assets/JC_StylizedNature_Lite/Materials/M_Nature_01.mat
  artifactKey: Guid(b8c3df82b3037b24594111a20b86cb0a) Importer(815301076,1909f56bfc062723c751e8b465ee728b)
Start importing Assets/JC_StylizedNature_Lite/Materials/M_Nature_01.mat using Guid(b8c3df82b3037b24594111a20b86cb0a) Importer(815301076,1909f56bfc062723c751e8b465ee728b)  -> (artifact id: 'd603ddcbfdf70a43429b22836b1d0bf7') in 0.019664 seconds
Number of updated asset objects reloaded before import = 0
Number of asset objects unloaded after import = 4
========================================================================
Received Import Request.
  Time since last request: 0.000017 seconds.
  path: Assets/JC_StylizedRocks_Lite/Materials/M_StylizedRocks_01.mat
  artifactKey: Guid(36c31fd4fd4bb7946a3dd23fd38eac40) Importer(815301076,1909f56bfc062723c751e8b465ee728b)
Start importing Assets/JC_StylizedRocks_Lite/Materials/M_StylizedRocks_01.mat using Guid(36c31fd4fd4bb7946a3dd23fd38eac40) Importer(815301076,1909f56bfc062723c751e8b465ee728b)  -> (artifact id: '5905f3d230eff2f2830190792147db94') in 0.031892 seconds
Number of updated asset objects reloaded before import = 0
Number of asset objects unloaded after import = 3
Editor requested this worker to shutdown with reason: Scaling down because of idle timeout
TcpMessagingSession - receive error: operation aborted. errorcode: 995, details: The I/O operation has been aborted because of either a thread exit or an application request.
AssetImportWorker is now disconnected from the server
Process exiting
Exiting without the bug reporter. Application will terminate with return code 0